{"E:\\mVue\\trunk\\linhuibaServer\\jest\\unit\\setup.js": {"path":"E:\\mVue\\trunk\\linhuibaServer\\jest\\unit\\setup.js","statementMap":{"0":{"start":{"line":3,"column":0},"end":{"line":3,"column":32}}},"fnMap":{},"branchMap":{},"s":{"0":2},"f":{},"b":{},"_coverageSchema":"332fd63041d2c1bcb487cc26dd0d5f7d97098a6c","hash":"e0adef3e75955d96db3b7e06f49ad4cc45a01ac2"}
,"E:\\mVue\\trunk\\linhuibaServer\\jest\\unit\\specs\\filters.spec.spec.js": {"path":"E:\\mVue\\trunk\\linhuibaServer\\jest\\unit\\specs\\filters.spec.spec.js","statementMap":{"0":{"start":{"line":4,"column":0},"end":{"line":9,"column":2}},"1":{"start":{"line":5,"column":2},"end":{"line":8,"column":4}},"2":{"start":{"line":6,"column":15},"end":{"line":6,"column":19}},"3":{"start":{"line":7,"column":4},"end":{"line":7,"column":37}}},"fnMap":{"0":{"name":"(anonymous_0)","decl":{"start":{"line":4,"column":22},"end":{"line":4,"column":23}},"loc":{"start":{"line":4,"column":28},"end":{"line":9,"column":1}},"line":4},"1":{"name":"(anonymous_1)","decl":{"start":{"line":5,"column":36},"end":{"line":5,"column":37}},"loc":{"start":{"line":5,"column":42},"end":{"line":8,"column":3}},"line":5}},"branchMap":{},"s":{"0":1,"1":1,"2":1,"3":1},"f":{"0":1,"1":1},"b":{},"_coverageSchema":"332fd63041d2c1bcb487cc26dd0d5f7d97098a6c","hash":"b57975d52cb51f0c17686b73fb7b2fc596556680"}
,"E:\\mVue\\trunk\\linhuibaServer\\jest\\unit\\specs\\test,spec.spec.js": {"path":"E:\\mVue\\trunk\\linhuibaServer\\jest\\unit\\specs\\test,spec.spec.js","statementMap":{"0":{"start":{"line":1,"column":0},"end":{"line":5,"column":2}},"1":{"start":{"line":2,"column":2},"end":{"line":4,"column":4}},"2":{"start":{"line":3,"column":4},"end":{"line":3,"column":25}}},"fnMap":{"0":{"name":"(anonymous_0)","decl":{"start":{"line":1,"column":15},"end":{"line":1,"column":16}},"loc":{"start":{"line":1,"column":21},"end":{"line":5,"column":1}},"line":1},"1":{"name":"(anonymous_1)","decl":{"start":{"line":2,"column":12},"end":{"line":2,"column":13}},"loc":{"start":{"line":2,"column":18},"end":{"line":4,"column":3}},"line":2}},"branchMap":{},"s":{"0":1,"1":1,"2":1},"f":{"0":1,"1":1},"b":{},"_coverageSchema":"332fd63041d2c1bcb487cc26dd0d5f7d97098a6c","hash":"910fccc6c4fa2aa62a0c95c0e234189cda1b6b51"}
,"E:\\mVue\\trunk\\linhuibaServer\\src\\filters\\index.js": {"path":"E:\\mVue\\trunk\\linhuibaServer\\src\\filters\\index.js","statementMap":{"0":{"start":{"line":4,"column":26},"end":{"line":8,"column":1}},"1":{"start":{"line":5,"column":12},"end":{"line":5,"column":17}},"2":{"start":{"line":6,"column":12},"end":{"line":6,"column":24}},"3":{"start":{"line":7,"column":2},"end":{"line":7,"column":11}},"4":{"start":{"line":10,"column":29},"end":{"line":14,"column":1}},"5":{"start":{"line":11,"column":12},"end":{"line":11,"column":17}},"6":{"start":{"line":12,"column":12},"end":{"line":12,"column":29}},"7":{"start":{"line":13,"column":2},"end":{"line":13,"column":25}},"8":{"start":{"line":16,"column":30},"end":{"line":20,"column":1}},"9":{"start":{"line":17,"column":12},"end":{"line":17,"column":17}},"10":{"start":{"line":18,"column":12},"end":{"line":18,"column":29}},"11":{"start":{"line":19,"column":2},"end":{"line":19,"column":25}},"12":{"start":{"line":22,"column":25},"end":{"line":28,"column":1}},"13":{"start":{"line":23,"column":2},"end":{"line":27,"column":3}},"14":{"start":{"line":24,"column":4},"end":{"line":24,"column":17}},"15":{"start":{"line":26,"column":4},"end":{"line":26,"column":16}},"16":{"start":{"line":31,"column":22},"end":{"line":37,"column":1}},"17":{"start":{"line":32,"column":2},"end":{"line":34,"column":3}},"18":{"start":{"line":33,"column":4},"end":{"line":33,"column":46}},"19":{"start":{"line":35,"column":2},"end":{"line":35,"column":33}},"20":{"start":{"line":36,"column":2},"end":{"line":36,"column":16}},"21":{"start":{"line":40,"column":23},"end":{"line":46,"column":1}},"22":{"start":{"line":41,"column":2},"end":{"line":43,"column":3}},"23":{"start":{"line":42,"column":4},"end":{"line":42,"column":46}},"24":{"start":{"line":44,"column":2},"end":{"line":44,"column":38}},"25":{"start":{"line":45,"column":2},"end":{"line":45,"column":16}},"26":{"start":{"line":49,"column":23},"end":{"line":55,"column":1}},"27":{"start":{"line":50,"column":2},"end":{"line":52,"column":3}},"28":{"start":{"line":51,"column":4},"end":{"line":51,"column":47}},"29":{"start":{"line":53,"column":2},"end":{"line":53,"column":38}},"30":{"start":{"line":54,"column":2},"end":{"line":54,"column":16}},"31":{"start":{"line":57,"column":25},"end":{"line":61,"column":1}},"32":{"start":{"line":58,"column":2},"end":{"line":60,"column":3}},"33":{"start":{"line":59,"column":4},"end":{"line":59,"column":46}},"34":{"start":{"line":65,"column":22},"end":{"line":70,"column":1}},"35":{"start":{"line":66,"column":2},"end":{"line":68,"column":3}},"36":{"start":{"line":67,"column":4},"end":{"line":67,"column":12}},"37":{"start":{"line":69,"column":2},"end":{"line":69,"column":42}},"38":{"start":{"line":72,"column":28},"end":{"line":75,"column":1}},"39":{"start":{"line":73,"column":2},"end":{"line":73,"column":24}},"40":{"start":{"line":73,"column":15},"end":{"line":73,"column":23}},"41":{"start":{"line":74,"column":2},"end":{"line":74,"column":37}},"42":{"start":{"line":78,"column":28},"end":{"line":81,"column":1}},"43":{"start":{"line":79,"column":2},"end":{"line":79,"column":24}},"44":{"start":{"line":79,"column":15},"end":{"line":79,"column":23}},"45":{"start":{"line":80,"column":2},"end":{"line":80,"column":38}},"46":{"start":{"line":83,"column":24},"end":{"line":98,"column":1}},"47":{"start":{"line":84,"column":2},"end":{"line":97,"column":3}},"48":{"start":{"line":85,"column":12},"end":{"line":85,"column":14}},"49":{"start":{"line":86,"column":17},"end":{"line":86,"column":18}},"50":{"start":{"line":87,"column":4},"end":{"line":95,"column":5}},"51":{"start":{"line":88,"column":6},"end":{"line":88,"column":37}},"52":{"start":{"line":89,"column":6},"end":{"line":89,"column":25}},"53":{"start":{"line":90,"column":10},"end":{"line":95,"column":5}},"54":{"start":{"line":91,"column":6},"end":{"line":91,"column":35}},"55":{"start":{"line":92,"column":6},"end":{"line":92,"column":25}},"56":{"start":{"line":94,"column":6},"end":{"line":94,"column":22}},"57":{"start":{"line":96,"column":4},"end":{"line":96,"column":13}},"58":{"start":{"line":101,"column":26},"end":{"line":138,"column":1}},"59":{"start":{"line":102,"column":2},"end":{"line":137,"column":3}},"60":{"start":{"line":103,"column":4},"end":{"line":103,"column":19}},"61":{"start":{"line":105,"column":7},"end":{"line":137,"column":3}},"62":{"start":{"line":106,"column":4},"end":{"line":106,"column":22}},"63":{"start":{"line":108,"column":7},"end":{"line":137,"column":3}},"64":{"start":{"line":109,"column":4},"end":{"line":109,"column":22}},"65":{"start":{"line":111,"column":7},"end":{"line":137,"column":3}},"66":{"start":{"line":112,"column":4},"end":{"line":112,"column":23}},"67":{"start":{"line":114,"column":7},"end":{"line":137,"column":3}},"68":{"start":{"line":115,"column":4},"end":{"line":115,"column":19}},"69":{"start":{"line":117,"column":7},"end":{"line":137,"column":3}},"70":{"start":{"line":118,"column":4},"end":{"line":118,"column":22}},"71":{"start":{"line":120,"column":7},"end":{"line":137,"column":3}},"72":{"start":{"line":121,"column":4},"end":{"line":121,"column":24}},"73":{"start":{"line":123,"column":7},"end":{"line":137,"column":3}},"74":{"start":{"line":124,"column":4},"end":{"line":124,"column":21}},"75":{"start":{"line":126,"column":7},"end":{"line":137,"column":3}},"76":{"start":{"line":127,"column":4},"end":{"line":127,"column":25}},"77":{"start":{"line":129,"column":7},"end":{"line":137,"column":3}},"78":{"start":{"line":130,"column":4},"end":{"line":130,"column":24}},"79":{"start":{"line":132,"column":7},"end":{"line":137,"column":3}},"80":{"start":{"line":133,"column":4},"end":{"line":133,"column":23}},"81":{"start":{"line":136,"column":4},"end":{"line":136,"column":18}},"82":{"start":{"line":140,"column":23},"end":{"line":169,"column":1}},"83":{"start":{"line":141,"column":13},"end":{"line":141,"column":15}},"84":{"start":{"line":142,"column":2},"end":{"line":167,"column":3}},"85":{"start":{"line":144,"column":6},"end":{"line":144,"column":18}},"86":{"start":{"line":145,"column":6},"end":{"line":145,"column":12}},"87":{"start":{"line":147,"column":6},"end":{"line":147,"column":18}},"88":{"start":{"line":148,"column":6},"end":{"line":148,"column":12}},"89":{"start":{"line":150,"column":6},"end":{"line":150,"column":18}},"90":{"start":{"line":151,"column":6},"end":{"line":151,"column":12}},"91":{"start":{"line":153,"column":6},"end":{"line":153,"column":18}},"92":{"start":{"line":154,"column":6},"end":{"line":154,"column":12}},"93":{"start":{"line":156,"column":6},"end":{"line":156,"column":18}},"94":{"start":{"line":157,"column":6},"end":{"line":157,"column":12}},"95":{"start":{"line":159,"column":6},"end":{"line":159,"column":18}},"96":{"start":{"line":160,"column":6},"end":{"line":160,"column":12}},"97":{"start":{"line":162,"column":6},"end":{"line":162,"column":18}},"98":{"start":{"line":163,"column":6},"end":{"line":163,"column":12}},"99":{"start":{"line":165,"column":6},"end":{"line":165,"column":44}},"100":{"start":{"line":166,"column":6},"end":{"line":166,"column":12}},"101":{"start":{"line":168,"column":2},"end":{"line":168,"column":13}}},"fnMap":{"0":{"name":"(anonymous_0)","decl":{"start":{"line":4,"column":26},"end":{"line":4,"column":27}},"loc":{"start":{"line":4,"column":34},"end":{"line":8,"column":1}},"line":4},"1":{"name":"(anonymous_1)","decl":{"start":{"line":10,"column":29},"end":{"line":10,"column":30}},"loc":{"start":{"line":10,"column":37},"end":{"line":14,"column":1}},"line":10},"2":{"name":"(anonymous_2)","decl":{"start":{"line":16,"column":30},"end":{"line":16,"column":31}},"loc":{"start":{"line":16,"column":38},"end":{"line":20,"column":1}},"line":16},"3":{"name":"(anonymous_3)","decl":{"start":{"line":22,"column":25},"end":{"line":22,"column":26}},"loc":{"start":{"line":22,"column":32},"end":{"line":28,"column":1}},"line":22},"4":{"name":"(anonymous_4)","decl":{"start":{"line":31,"column":22},"end":{"line":31,"column":23}},"loc":{"start":{"line":31,"column":32},"end":{"line":37,"column":1}},"line":31},"5":{"name":"(anonymous_5)","decl":{"start":{"line":40,"column":23},"end":{"line":40,"column":24}},"loc":{"start":{"line":40,"column":33},"end":{"line":46,"column":1}},"line":40},"6":{"name":"(anonymous_6)","decl":{"start":{"line":49,"column":23},"end":{"line":49,"column":24}},"loc":{"start":{"line":49,"column":33},"end":{"line":55,"column":1}},"line":49},"7":{"name":"(anonymous_7)","decl":{"start":{"line":57,"column":25},"end":{"line":57,"column":26}},"loc":{"start":{"line":57,"column":35},"end":{"line":61,"column":1}},"line":57},"8":{"name":"(anonymous_8)","decl":{"start":{"line":65,"column":22},"end":{"line":65,"column":23}},"loc":{"start":{"line":65,"column":29},"end":{"line":70,"column":1}},"line":65},"9":{"name":"(anonymous_9)","decl":{"start":{"line":72,"column":28},"end":{"line":72,"column":29}},"loc":{"start":{"line":72,"column":36},"end":{"line":75,"column":1}},"line":72},"10":{"name":"(anonymous_10)","decl":{"start":{"line":78,"column":28},"end":{"line":78,"column":29}},"loc":{"start":{"line":78,"column":36},"end":{"line":81,"column":1}},"line":78},"11":{"name":"(anonymous_11)","decl":{"start":{"line":83,"column":24},"end":{"line":83,"column":25}},"loc":{"start":{"line":83,"column":32},"end":{"line":98,"column":1}},"line":83},"12":{"name":"(anonymous_12)","decl":{"start":{"line":101,"column":26},"end":{"line":101,"column":27}},"loc":{"start":{"line":101,"column":35},"end":{"line":138,"column":1}},"line":101},"13":{"name":"(anonymous_13)","decl":{"start":{"line":140,"column":23},"end":{"line":140,"column":24}},"loc":{"start":{"line":140,"column":30},"end":{"line":169,"column":1}},"line":140}},"branchMap":{"0":{"loc":{"start":{"line":23,"column":2},"end":{"line":27,"column":3}},"type":"if","locations":[{"start":{"line":23,"column":2},"end":{"line":27,"column":3}},{"start":{"line":23,"column":2},"end":{"line":27,"column":3}}],"line":23},"1":{"loc":{"start":{"line":32,"column":2},"end":{"line":34,"column":3}},"type":"if","locations":[{"start":{"line":32,"column":2},"end":{"line":34,"column":3}},{"start":{"line":32,"column":2},"end":{"line":34,"column":3}}],"line":32},"2":{"loc":{"start":{"line":41,"column":2},"end":{"line":43,"column":3}},"type":"if","locations":[{"start":{"line":41,"column":2},"end":{"line":43,"column":3}},{"start":{"line":41,"column":2},"end":{"line":43,"column":3}}],"line":41},"3":{"loc":{"start":{"line":50,"column":2},"end":{"line":52,"column":3}},"type":"if","locations":[{"start":{"line":50,"column":2},"end":{"line":52,"column":3}},{"start":{"line":50,"column":2},"end":{"line":52,"column":3}}],"line":50},"4":{"loc":{"start":{"line":58,"column":2},"end":{"line":60,"column":3}},"type":"if","locations":[{"start":{"line":58,"column":2},"end":{"line":60,"column":3}},{"start":{"line":58,"column":2},"end":{"line":60,"column":3}}],"line":58},"5":{"loc":{"start":{"line":66,"column":2},"end":{"line":68,"column":3}},"type":"if","locations":[{"start":{"line":66,"column":2},"end":{"line":68,"column":3}},{"start":{"line":66,"column":2},"end":{"line":68,"column":3}}],"line":66},"6":{"loc":{"start":{"line":73,"column":2},"end":{"line":73,"column":24}},"type":"if","locations":[{"start":{"line":73,"column":2},"end":{"line":73,"column":24}},{"start":{"line":73,"column":2},"end":{"line":73,"column":24}}],"line":73},"7":{"loc":{"start":{"line":79,"column":2},"end":{"line":79,"column":24}},"type":"if","locations":[{"start":{"line":79,"column":2},"end":{"line":79,"column":24}},{"start":{"line":79,"column":2},"end":{"line":79,"column":24}}],"line":79},"8":{"loc":{"start":{"line":84,"column":2},"end":{"line":97,"column":3}},"type":"if","locations":[{"start":{"line":84,"column":2},"end":{"line":97,"column":3}},{"start":{"line":84,"column":2},"end":{"line":97,"column":3}}],"line":84},"9":{"loc":{"start":{"line":87,"column":4},"end":{"line":95,"column":5}},"type":"if","locations":[{"start":{"line":87,"column":4},"end":{"line":95,"column":5}},{"start":{"line":87,"column":4},"end":{"line":95,"column":5}}],"line":87},"10":{"loc":{"start":{"line":90,"column":10},"end":{"line":95,"column":5}},"type":"if","locations":[{"start":{"line":90,"column":10},"end":{"line":95,"column":5}},{"start":{"line":90,"column":10},"end":{"line":95,"column":5}}],"line":90},"11":{"loc":{"start":{"line":102,"column":2},"end":{"line":137,"column":3}},"type":"if","locations":[{"start":{"line":102,"column":2},"end":{"line":137,"column":3}},{"start":{"line":102,"column":2},"end":{"line":137,"column":3}}],"line":102},"12":{"loc":{"start":{"line":105,"column":7},"end":{"line":137,"column":3}},"type":"if","locations":[{"start":{"line":105,"column":7},"end":{"line":137,"column":3}},{"start":{"line":105,"column":7},"end":{"line":137,"column":3}}],"line":105},"13":{"loc":{"start":{"line":108,"column":7},"end":{"line":137,"column":3}},"type":"if","locations":[{"start":{"line":108,"column":7},"end":{"line":137,"column":3}},{"start":{"line":108,"column":7},"end":{"line":137,"column":3}}],"line":108},"14":{"loc":{"start":{"line":111,"column":7},"end":{"line":137,"column":3}},"type":"if","locations":[{"start":{"line":111,"column":7},"end":{"line":137,"column":3}},{"start":{"line":111,"column":7},"end":{"line":137,"column":3}}],"line":111},"15":{"loc":{"start":{"line":114,"column":7},"end":{"line":137,"column":3}},"type":"if","locations":[{"start":{"line":114,"column":7},"end":{"line":137,"column":3}},{"start":{"line":114,"column":7},"end":{"line":137,"column":3}}],"line":114},"16":{"loc":{"start":{"line":117,"column":7},"end":{"line":137,"column":3}},"type":"if","locations":[{"start":{"line":117,"column":7},"end":{"line":137,"column":3}},{"start":{"line":117,"column":7},"end":{"line":137,"column":3}}],"line":117},"17":{"loc":{"start":{"line":120,"column":7},"end":{"line":137,"column":3}},"type":"if","locations":[{"start":{"line":120,"column":7},"end":{"line":137,"column":3}},{"start":{"line":120,"column":7},"end":{"line":137,"column":3}}],"line":120},"18":{"loc":{"start":{"line":123,"column":7},"end":{"line":137,"column":3}},"type":"if","locations":[{"start":{"line":123,"column":7},"end":{"line":137,"column":3}},{"start":{"line":123,"column":7},"end":{"line":137,"column":3}}],"line":123},"19":{"loc":{"start":{"line":126,"column":7},"end":{"line":137,"column":3}},"type":"if","locations":[{"start":{"line":126,"column":7},"end":{"line":137,"column":3}},{"start":{"line":126,"column":7},"end":{"line":137,"column":3}}],"line":126},"20":{"loc":{"start":{"line":129,"column":7},"end":{"line":137,"column":3}},"type":"if","locations":[{"start":{"line":129,"column":7},"end":{"line":137,"column":3}},{"start":{"line":129,"column":7},"end":{"line":137,"column":3}}],"line":129},"21":{"loc":{"start":{"line":132,"column":7},"end":{"line":137,"column":3}},"type":"if","locations":[{"start":{"line":132,"column":7},"end":{"line":137,"column":3}},{"start":{"line":132,"column":7},"end":{"line":137,"column":3}}],"line":132},"22":{"loc":{"start":{"line":142,"column":2},"end":{"line":167,"column":3}},"type":"switch","locations":[{"start":{"line":143,"column":4},"end":{"line":145,"column":12}},{"start":{"line":146,"column":4},"end":{"line":148,"column":12}},{"start":{"line":149,"column":4},"end":{"line":151,"column":12}},{"start":{"line":152,"column":4},"end":{"line":154,"column":12}},{"start":{"line":155,"column":4},"end":{"line":157,"column":12}},{"start":{"line":158,"column":4},"end":{"line":160,"column":12}},{"start":{"line":161,"column":4},"end":{"line":163,"column":12}},{"start":{"line":164,"column":4},"end":{"line":166,"column":12}}],"line":142}},"s":{"0":1,"1":0,"2":0,"3":0,"4":1,"5":0,"6":0,"7":0,"8":1,"9":0,"10":0,"11":0,"12":1,"13":0,"14":0,"15":0,"16":1,"17":0,"18":0,"19":0,"20":0,"21":1,"22":0,"23":0,"24":0,"25":0,"26":1,"27":0,"28":0,"29":0,"30":0,"31":1,"32":0,"33":0,"34":1,"35":0,"36":0,"37":0,"38":1,"39":0,"40":0,"41":0,"42":1,"43":0,"44":0,"45":0,"46":1,"47":0,"48":0,"49":0,"50":0,"51":0,"52":0,"53":0,"54":0,"55":0,"56":0,"57":0,"58":1,"59":0,"60":0,"61":0,"62":0,"63":0,"64":0,"65":0,"66":0,"67":0,"68":0,"69":0,"70":0,"71":0,"72":0,"73":0,"74":0,"75":0,"76":0,"77":0,"78":0,"79":0,"80":0,"81":0,"82":1,"83":1,"84":1,"85":0,"86":0,"87":1,"88":1,"89":0,"90":0,"91":0,"92":0,"93":0,"94":0,"95":0,"96":0,"97":0,"98":0,"99":0,"100":0,"101":1},"f":{"0":0,"1":0,"2":0,"3":0,"4":0,"5":0,"6":0,"7":0,"8":0,"9":0,"10":0,"11":0,"12":0,"13":1},"b":{"0":[0,0],"1":[0,0],"2":[0,0],"3":[0,0],"4":[0,0],"5":[0,0],"6":[0,0],"7":[0,0],"8":[0,0],"9":[0,0],"10":[0,0],"11":[0,0],"12":[0,0],"13":[0,0],"14":[0,0],"15":[0,0],"16":[0,0],"17":[0,0],"18":[0,0],"19":[0,0],"20":[0,0],"21":[0,0],"22":[0,1,0,0,0,0,0,0]},"_coverageSchema":"332fd63041d2c1bcb487cc26dd0d5f7d97098a6c","hash":"f89b96492b188a7e9d905867d0ea3dd0e8029e87"}
}
