TN:
SF:E:\mVue\trunk\linhuibaServer\jest\unit\setup.js
FNF:0
FNH:0
DA:3,2
LF:1
LH:1
BRF:0
BRH:0
end_of_record
TN:
SF:E:\mVue\trunk\linhuibaServer\jest\unit\specs\filters.spec.spec.js
FN:4,(anonymous_0)
FN:5,(anonymous_1)
FNF:2
FNH:2
FNDA:1,(anonymous_0)
FNDA:1,(anonymous_1)
DA:4,1
DA:5,1
DA:6,1
DA:7,1
LF:4
LH:4
BRF:0
BRH:0
end_of_record
TN:
SF:E:\mVue\trunk\linhuibaServer\jest\unit\specs\test,spec.spec.js
FN:1,(anonymous_0)
FN:2,(anonymous_1)
FNF:2
FNH:2
FNDA:1,(anonymous_0)
FNDA:1,(anonymous_1)
DA:1,1
DA:2,1
DA:3,1
LF:3
LH:3
BRF:0
BRH:0
end_of_record
TN:
SF:E:\mVue\trunk\linhuibaServer\src\filters\index.js
FN:4,(anonymous_0)
FN:10,(anonymous_1)
FN:16,(anonymous_2)
FN:22,(anonymous_3)
FN:31,(anonymous_4)
FN:40,(anonymous_5)
FN:49,(anonymous_6)
FN:57,(anonymous_7)
FN:65,(anonymous_8)
FN:72,(anonymous_9)
FN:78,(anonymous_10)
FN:83,(anonymous_11)
FN:101,(anonymous_12)
FN:140,(anonymous_13)
FNF:14
FNH:1
FNDA:0,(anonymous_0)
FNDA:0,(anonymous_1)
FNDA:0,(anonymous_2)
FNDA:0,(anonymous_3)
FNDA:0,(anonymous_4)
FNDA:0,(anonymous_5)
FNDA:0,(anonymous_6)
FNDA:0,(anonymous_7)
FNDA:0,(anonymous_8)
FNDA:0,(anonymous_9)
FNDA:0,(anonymous_10)
FNDA:0,(anonymous_11)
FNDA:0,(anonymous_12)
FNDA:1,(anonymous_13)
DA:4,1
DA:5,0
DA:6,0
DA:7,0
DA:10,1
DA:11,0
DA:12,0
DA:13,0
DA:16,1
DA:17,0
DA:18,0
DA:19,0
DA:22,1
DA:23,0
DA:24,0
DA:26,0
DA:31,1
DA:32,0
DA:33,0
DA:35,0
DA:36,0
DA:40,1
DA:41,0
DA:42,0
DA:44,0
DA:45,0
DA:49,1
DA:50,0
DA:51,0
DA:53,0
DA:54,0
DA:57,1
DA:58,0
DA:59,0
DA:65,1
DA:66,0
DA:67,0
DA:69,0
DA:72,1
DA:73,0
DA:74,0
DA:78,1
DA:79,0
DA:80,0
DA:83,1
DA:84,0
DA:85,0
DA:86,0
DA:87,0
DA:88,0
DA:89,0
DA:90,0
DA:91,0
DA:92,0
DA:94,0
DA:96,0
DA:101,1
DA:102,0
DA:103,0
DA:105,0
DA:106,0
DA:108,0
DA:109,0
DA:111,0
DA:112,0
DA:114,0
DA:115,0
DA:117,0
DA:118,0
DA:120,0
DA:121,0
DA:123,0
DA:124,0
DA:126,0
DA:127,0
DA:129,0
DA:130,0
DA:132,0
DA:133,0
DA:136,0
DA:140,1
DA:141,1
DA:142,1
DA:144,0
DA:145,0
DA:147,1
DA:148,1
DA:150,0
DA:151,0
DA:153,0
DA:154,0
DA:156,0
DA:157,0
DA:159,0
DA:160,0
DA:162,0
DA:163,0
DA:165,0
DA:166,0
DA:168,1
LF:100
LH:19
BRDA:23,0,0,0
BRDA:23,0,1,0
BRDA:32,1,0,0
BRDA:32,1,1,0
BRDA:41,2,0,0
BRDA:41,2,1,0
BRDA:50,3,0,0
BRDA:50,3,1,0
BRDA:58,4,0,0
BRDA:58,4,1,0
BRDA:66,5,0,0
BRDA:66,5,1,0
BRDA:73,6,0,0
BRDA:73,6,1,0
BRDA:79,7,0,0
BRDA:79,7,1,0
BRDA:84,8,0,0
BRDA:84,8,1,0
BRDA:87,9,0,0
BRDA:87,9,1,0
BRDA:90,10,0,0
BRDA:90,10,1,0
BRDA:102,11,0,0
BRDA:102,11,1,0
BRDA:105,12,0,0
BRDA:105,12,1,0
BRDA:108,13,0,0
BRDA:108,13,1,0
BRDA:111,14,0,0
BRDA:111,14,1,0
BRDA:114,15,0,0
BRDA:114,15,1,0
BRDA:117,16,0,0
BRDA:117,16,1,0
BRDA:120,17,0,0
BRDA:120,17,1,0
BRDA:123,18,0,0
BRDA:123,18,1,0
BRDA:126,19,0,0
BRDA:126,19,1,0
BRDA:129,20,0,0
BRDA:129,20,1,0
BRDA:132,21,0,0
BRDA:132,21,1,0
BRDA:142,22,0,0
BRDA:142,22,1,1
BRDA:142,22,2,0
BRDA:142,22,3,0
BRDA:142,22,4,0
BRDA:142,22,5,0
BRDA:142,22,6,0
BRDA:142,22,7,0
BRF:52
BRH:1
end_of_record
